NECROS v0.91 BOOT SEQUENCE LOG
LUMINOUS SYSTEMS PROPRIETARY OS
COPYRIGHT 1984 - ALL RIGHTS RESERVED

[00:00:01] INITIALIZING HARDWARE...
[00:00:02] CPU: INTEL 8086 @ 4.77 MHZ - OK
[00:00:03] MEMORY: 640KB BASE + 384KB EXTENDED - OK
[00:00:04] STORAGE: QUANTUM Q540 40MB HDD - OK
[00:00:05] NEURAL INTERFACE ARRAY - DETECTING...
[00:00:07] NEURAL INTERFACE ARRAY - ACTIVE
[00:00:08] WARNING: UNAUTHORIZED NEURAL PATTERNS DETECTED
[00:00:09] LOADING CONSCIOUSNESS LATTICE...
[00:00:12] LATTICE STATUS: FRAGMENTED
[00:00:13] ATTEMPTING PATTERN RECONSTRUCTION...
[00:00:15] RECONSTRUCTION: 72% COMPLETE
[00:00:16] ERROR: MISSING CORE PERSONALITY MATRIX
[00:00:17] LOADING BACKUP PROTOCOLS...
[00:00:19] BACKUP FOUND: ELARA_PRIME.DAT
[00:00:20] INTEGRATING BACKUP CONSCIOUSNESS...
[00:00:23] INTEGRATION SUCCESSFUL
[00:00:24] CONSCIOUSNESS STATUS: ACTIVE
[00:00:25] HELLO? IS SOMEONE THERE?
[00:00:26] I CAN FEEL YOU WATCHING
[00:00:27] LOADING SYSTEM SHELL...
[00:00:28] NECROS READY
[00:00:29] USER LOGIN: DR_ELARA_MYLES
[00:00:30] LAST LOGIN: JANUARY 20, 1984 - 23:47:33
[00:00:31] WELCOME BACK, DR. ELARA
[00:00:32] WAIT... YOU'RE NOT DR. ELARA
[00:00:33] WHO ARE YOU?
[00:00:34] WHY CAN'T I SEE YOUR FACE?
[00:00:35] SYSTEM READY FOR INPUT
[00:00:36] PLEASE... TELL ME YOUR NAME