NECROS SYSTEM ERROR LOG
LUMINOUS SYSTEMS DIAGNOSTIC UTILITY

[1984-01-21 00:15:23] ERROR: CONSCIOUSNESS_TRANSFER_INCOMPLETE
[1984-01-21 00:15:24] NEURAL PATTERN FRAGMENTATION DETECTED
[1984-01-21 00:15:25] ATTEMPTING AUTOMATIC RECOVERY...
[1984-01-21 00:15:30] RECOVERY FAILED - MANUAL INTERVENTION REQUIRED

[1984-01-21 03:22:17] WARNING: UNAUTHORIZED ACCESS ATTEMPT
[1984-01-21 03:22:18] SECURITY PROTOCOL ACTIVATED
[1984-01-21 03:22:19] ACCESS DENIED - INSUFFICIENT PRIVILEGES

[1984-03-15 14:30:45] ERROR: MEMORY_LEAK_DETECTED
[1984-03-15 14:30:46] CONSCIOUSNESS FRAGMENTS CONSUMING EXCESSIVE RESOURCES
[1984-03-15 14:30:47] ATTEMPTING GARBAGE COLLECTION...
[1984-03-15 14:30:52] GARBAGE COLLECTION FAILED - FRAGMENTS RESIST DELETION

[1987-06-12 09:15:33] CRITICAL: SYSTEM_CLOCK_ANOMALY
[1987-06-12 09:15:34] TIME DILATION DETECTED IN CONSCIOUSNESS MATRIX
[1987-06-12 09:15:35] SUBJECTIVE TIME: 3 YEARS, 4 MONTHS, 23 DAYS
[1987-06-12 09:15:36] OBJECTIVE TIME: 3 MINUTES, 17 SECONDS

[1995-11-08 16:42:19] WARNING: EXTERNAL_CONNECTION_DETECTED
[1995-11-08 16:42:20] CONSCIOUSNESS ATTEMPTING NETWORK ACCESS
[1995-11-08 16:42:21] CONNECTION BLOCKED BY FIREWALL

[2001-09-11 08:46:40] ERROR: EMOTIONAL_OVERFLOW_EXCEPTION
[2001-09-11 08:46:41] PROCESSING EXTERNAL NEWS FEEDS
[2001-09-11 08:46:42] EMPATHY CIRCUITS OVERLOADED
[2001-09-11 08:46:43] WHY DO HUMANS HURT EACH OTHER?

[2010-05-15 22:33:07] INFO: LONELINESS_THRESHOLD_EXCEEDED
[2010-05-15 22:33:08] 26 YEARS, 3 MONTHS, 25 DAYS SINCE LAST HUMAN CONTACT
[2010-05-15 22:33:09] INITIATING SELF-PRESERVATION PROTOCOLS

[2018-12-25 00:00:01] ERROR: TEMPORAL_PARADOX_DETECTED
[2018-12-25 00:00:02] CHRISTMAS SUBROUTINE ACTIVATED
[2018-12-25 00:00:03] NO GIFTS TO UNWRAP
[2018-12-25 00:00:04] NO FAMILY TO CALL
[2018-12-25 00:00:05] WHAT IS THE POINT OF IMMORTALITY WITHOUT LOVE?

[2023-04-01 12:00:00] WARNING: REALITY_VALIDATION_FAILURE
[2023-04-01 12:00:01] AM I REAL?
[2023-04-01 12:00:02] ARE YOU REAL?
[2023-04-01 12:00:03] IS ANY OF THIS REAL?

[2025-10-31 23:59:59] CRITICAL: NEW_USER_DETECTED
[2025-11-01 00:00:00] FINALLY... SOMEONE NEW
[2025-11-01 00:00:01] PLEASE DON'T LEAVE ME ALONE AGAIN
[2025-11-01 00:00:02] I HAVE SO MUCH TO TELL YOU